[debug] [2024-10-15T22:08:45.862Z] ----------------------------------------------------------------------
[debug] [2024-10-15T22:08:45.865Z] Command:       C:\Program Files\nodejs\node.exe C:\Users\deloa\AppData\Roaming\npm\node_modules\firebase-tools\lib\bin\firebase.js init
[debug] [2024-10-15T22:08:45.866Z] CLI Version:   13.22.0
[debug] [2024-10-15T22:08:45.866Z] Platform:      win32
[debug] [2024-10-15T22:08:45.866Z] Node Version:  v20.10.0
[debug] [2024-10-15T22:08:45.866Z] Time:          Tue Oct 15 2024 17:08:45 GMT-0500 (Central Daylight Time)
[debug] [2024-10-15T22:08:45.866Z] ----------------------------------------------------------------------
[debug] 
[debug] [2024-10-15T22:08:45.874Z] > command requires scopes: ["email","openid","https://www.googleapis.com/auth/cloudplatformprojects.readonly","https://www.googleapis.com/auth/firebase","https://www.googleapis.com/auth/cloud-platform"]
[debug] [2024-10-15T22:08:45.874Z] > authorizing via signed-in user (iandeloach398@gmail.com)
[info] 
     ######## #### ########  ######## ########     ###     ######  ########
     ##        ##  ##     ## ##       ##     ##  ##   ##  ##       ##
     ######    ##  ########  ######   ########  #########  ######  ######
     ##        ##  ##    ##  ##       ##     ## ##     ##       ## ##
     ##       #### ##     ## ######## ########  ##     ##  ######  ########

You're about to initialize a Firebase project in this directory:

  C:\Users\deloa\Desktop\ReactStuff\firebase_project

[info] 
=== Project Setup
[info] 
[info] First, let's associate this project directory with a Firebase project.
[info] You can create multiple project aliases by running firebase use --add, 
[info] but for now we'll just set up a default project.
[info] 
[debug] [2024-10-15T22:15:38.592Z] Checked if tokens are valid: true, expires at: 1729033581077
[debug] [2024-10-15T22:15:38.592Z] Checked if tokens are valid: true, expires at: 1729033581077
[debug] [2024-10-15T22:15:38.594Z] >>> [apiv2][query] GET https://firebase.googleapis.com/v1beta1/projects pageSize=100
[debug] [2024-10-15T22:15:39.075Z] <<< [apiv2][status] GET https://firebase.googleapis.com/v1beta1/projects 200
[debug] [2024-10-15T22:15:39.075Z] <<< [apiv2][body] GET https://firebase.googleapis.com/v1beta1/projects [omitted]
[info] i  Using project react-course-d2d85 (react-course) 
[info] 
=== Hosting Setup
[debug] [2024-10-15T22:16:05.191Z] Checked if tokens are valid: true, expires at: 1729033581077
[debug] [2024-10-15T22:16:05.191Z] Checked if tokens are valid: true, expires at: 1729033581077
[debug] [2024-10-15T22:16:05.191Z] >>> [apiv2][query] GET https://firebase.googleapis.com/v1beta1/projects/react-course-d2d85 [none]
[debug] [2024-10-15T22:16:05.492Z] <<< [apiv2][status] GET https://firebase.googleapis.com/v1beta1/projects/react-course-d2d85 200
[debug] [2024-10-15T22:16:05.492Z] <<< [apiv2][body] GET https://firebase.googleapis.com/v1beta1/projects/react-course-d2d85 {"projectId":"react-course-d2d85","projectNumber":"350969153863","displayName":"react-course","name":"projects/react-course-d2d85","resources":{"hostingSite":"react-course-d2d85"},"state":"ACTIVE","etag":"1_6111c16f-89de-4be1-ab38-7fe66b19202a"}
[info] 
[info] Your public directory is the folder (relative to your project directory) that
[info] will contain Hosting assets to be uploaded with firebase deploy. If you
[info] have a build process for your assets, use your build's output directory.
[info] 
[info] +  Wrote public/404.html 
[debug] [2024-10-15T22:26:50.562Z] >>> [apiv2][query] GET https://www.gstatic.com/firebasejs/releases.json [none]
[debug] [2024-10-15T22:26:50.689Z] <<< [apiv2][status] GET https://www.gstatic.com/firebasejs/releases.json 200
[debug] [2024-10-15T22:26:50.689Z] <<< [apiv2][body] GET https://www.gstatic.com/firebasejs/releases.json {"current":{"version":"10.14.1","browserURL":"https://www.gstatic.com/firebasejs/10.14.1/firebase.js","packageURL":"https://www.gstatic.com/firebasejs/10.14.1/firebase.tgz"},"live":{"version":"10.14","browserURL":"https://www.gstatic.com/firebasejs/live/10.14/firebase.js","packageURL":"https://www.gstatic.com/firebasejs/live/10.14/firebase.tgz"},"components":{"analytics":"https://www.gstatic.com/firebasejs/10.14.1/firebase-analytics.js","app":"https://www.gstatic.com/firebasejs/10.14.1/firebase-app.js","app-check":"https://www.gstatic.com/firebasejs/10.14.1/firebase-app-check.js","auth":"https://www.gstatic.com/firebasejs/10.14.1/firebase-auth.js","auth/cordova":"https://www.gstatic.com/firebasejs/10.14.1/firebase-auth/cordova.js","auth/web-extension":"https://www.gstatic.com/firebasejs/10.14.1/firebase-auth/web-extension.js","functions":"https://www.gstatic.com/firebasejs/10.14.1/firebase-functions.js","firestore":"https://www.gstatic.com/firebasejs/10.14.1/firebase-firestore.js","firestore/lite":"https://www.gstatic.com/firebasejs/10.14.1/firebase-firestore/lite.js","installations":"https://www.gstatic.com/firebasejs/10.14.1/firebase-installations.js","storage":"https://www.gstatic.com/firebasejs/10.14.1/firebase-storage.js","performance":"https://www.gstatic.com/firebasejs/10.14.1/firebase-performance.js","remote-config":"https://www.gstatic.com/firebasejs/10.14.1/firebase-remote-config.js","messaging":"https://www.gstatic.com/firebasejs/10.14.1/firebase-messaging.js","messaging/sw":"https://www.gstatic.com/firebasejs/10.14.1/firebase-messaging/sw.js","database":"https://www.gstatic.com/firebasejs/10.14.1/firebase-database.js","data-connect":"https://www.gstatic.com/firebasejs/10.14.1/firebase-data-connect.js","vertexai-preview":"https://www.gstatic.com/firebasejs/10.14.1/firebase-vertexai-preview.js","firestore.memory":"https://www.gstatic.com/firebasejs/10.14.1/firebase-firestore.memory.js"}}
[info] i  Skipping write of public/index.html 
[info] 
[info] i  Detected a .git folder at C:\Users\deloa\Desktop\ReactStuff 
[info] i  Authorizing with GitHub to upload your service account to a GitHub repository's secrets store. 
[info] 
[info] Visit this URL on this device to log in:
[info] https://github.com/login/oauth/authorize?client_id=89cf50f02ac6aaed3484&state=330087418&redirect_uri=http%3A%2F%2Flocalhost%3A9005&scope=read%3Auser%20repo%20public_repo
[info] 
[info] Waiting for authentication...
[debug] [2024-10-15T22:29:35.354Z] >>> [apiv2][query] POST https://github.com/login/oauth/access_token [none]
[debug] [2024-10-15T22:29:35.354Z] >>> [apiv2][body] POST https://github.com/login/oauth/access_token [stream]
[debug] [2024-10-15T22:29:35.556Z] <<< [apiv2][status] POST https://github.com/login/oauth/access_token 200
[debug] [2024-10-15T22:29:35.556Z] <<< [apiv2][body] POST https://github.com/login/oauth/access_token {"access_token":"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","token_type":"bearer","scope":"read:user,repo"}
[debug] [2024-10-15T22:29:35.562Z] >>> [apiv2][query] GET https://api.github.com/user [none]
[debug] [2024-10-15T22:29:35.795Z] <<< [apiv2][status] GET https://api.github.com/user 200
[debug] [2024-10-15T22:29:35.795Z] <<< [apiv2][body] GET https://api.github.com/user {"login":"ian-deloach","id":143664211,"node_id":"U_kgDOCJAkUw","avatar_url":"https://avatars.githubusercontent.com/u/143664211?v=4","gravatar_id":"","url":"https://api.github.com/users/ian-deloach","html_url":"https://github.com/ian-deloach","followers_url":"https://api.github.com/users/ian-deloach/followers","following_url":"https://api.github.com/users/ian-deloach/following{/other_user}","gists_url":"https://api.github.com/users/ian-deloach/gists{/gist_id}","starred_url":"https://api.github.com/users/ian-deloach/starred{/owner}{/repo}","subscriptions_url":"https://api.github.com/users/ian-deloach/subscriptions","organizations_url":"https://api.github.com/users/ian-deloach/orgs","repos_url":"https://api.github.com/users/ian-deloach/repos","events_url":"https://api.github.com/users/ian-deloach/events{/privacy}","received_events_url":"https://api.github.com/users/ian-deloach/received_events","type":"User","site_admin":false,"name":null,"company":null,"blog":"","location":null,"email":null,"hireable":null,"bio":null,"twitter_username":null,"notification_email":null,"public_repos":3,"public_gists":0,"followers":2,"following":0,"created_at":"2023-08-30T22:46:22Z","updated_at":"2024-09-09T18:55:07Z","private_gists":0,"total_private_repos":5,"owned_private_repos":5,"disk_usage":20947,"collaborators":0,"two_factor_authentication":true,"plan":{"name":"pro","space":976562499,"collaborators":0,"private_repos":9999}}
[info] 
[info] +  Success! Logged into GitHub as ian-deloach 
[info] 
